<?xml version="1.0" encoding="UTF-8"?>
<!-- Generated by org.testng.reporters.JUnitReportReporter -->
<testsuite skipped="1" hostname="IN-SANGITASA" name="PracticeProject.AllFunctions.PracticePageValidation" tests="2" failures="0" timestamp="2021-01-05T21:11:29 IST" time="5.448" errors="1">
  <testcase name="radiobutton" time="0.000" classname="PracticeProject.AllFunctions.PracticePageValidation">
    <skipped/>
  </testcase> <!-- radiobutton -->
  <system-out/>
  <testcase name="initialize" time="5.448" classname="PracticeProject.AllFunctions.PracticePageValidation">
    <error type="org.openqa.selenium.SessionNotCreatedException" message="session not created: This version of ChromeDriver only supports Chrome version 85
Build info: version: &#039;3.141.59&#039;, revision: &#039;e82be7d358&#039;, time: &#039;2018-11-14T08:17:03&#039;
System info: host: &#039;IN-SANGITASA&#039;, ip: &#039;192.168.0.4&#039;, os.name: &#039;Windows 10&#039;, os.arch: &#039;amd64&#039;, os.version: &#039;10.0&#039;, java.version: &#039;1.8.0_201&#039;
Driver info: driver.version: ChromeDriver
remote stacktrace: Backtrace:
	Ordinal0 [0x00CBD383+3134339]
	Ordinal0 [0x00BAA171+2007409]
	Ordinal0 [0x00A4AEE8+569064]
	Ordinal0 [0x009D139F+70559]
	Ordinal0 [0x009CCC63+52323]
	Ordinal0 [0x009F0DFC+200188]
	Ordinal0 [0x009F0C1D+199709]
	Ordinal0 [0x009EEB0B+191243]
	Ordinal0 [0x009D2E77+77431]
	Ordinal0 [0x009D3E3E+81470]
	Ordinal0 [0x009D3DC9+81353]
	Ordinal0 [0x00BC0CD9+2100441]
	GetHandleVerifier [0x00E2B75A+1396954]
	GetHandleVerifier [0x00E2B3D9+1396057]
	GetHandleVerifier [0x00E37126+1444518]
	GetHandleVerifier [0x00E2BCE8+1398376]
	Ordinal0 [0x00BB7F51+2064209]
	Ordinal0 [0x00BC22EB+2106091]
	Ordinal0 [0x00BC2411+2106385]
	Ordinal0 [0x00BD49C4+2181572]
	BaseThreadInitThunk [0x752C8494+36]
	RtlAreBitsSet [0x77E44328+136]
	RtlAreBitsSet [0x77E442F8+88]
">
      <![CDATA[org.openqa.selenium.SessionNotCreatedException: session not created: This version of ChromeDriver only supports Chrome version 85
Build info: version: '3.141.59', revision: 'e82be7d358', time: '2018-11-14T08:17:03'
System info: host: 'IN-SANGITASA', ip: '192.168.0.4', os.name: 'Windows 10', os.arch: 'amd64', os.version: '10.0', java.version: '1.8.0_201'
Driver info: driver.version: ChromeDriver
remote stacktrace: Backtrace:
Ordinal0 [0x00CBD383+3134339]
Ordinal0 [0x00BAA171+2007409]
Ordinal0 [0x00A4AEE8+569064]
Ordinal0 [0x009D139F+70559]
Ordinal0 [0x009CCC63+52323]
Ordinal0 [0x009F0DFC+200188]
Ordinal0 [0x009F0C1D+199709]
Ordinal0 [0x009EEB0B+191243]
Ordinal0 [0x009D2E77+77431]
Ordinal0 [0x009D3E3E+81470]
Ordinal0 [0x009D3DC9+81353]
Ordinal0 [0x00BC0CD9+2100441]
GetHandleVerifier [0x00E2B75A+1396954]
GetHandleVerifier [0x00E2B3D9+1396057]
GetHandleVerifier [0x00E37126+1444518]
GetHandleVerifier [0x00E2BCE8+1398376]
Ordinal0 [0x00BB7F51+2064209]
Ordinal0 [0x00BC22EB+2106091]
Ordinal0 [0x00BC2411+2106385]
Ordinal0 [0x00BD49C4+2181572]
BaseThreadInitThunk [0x752C8494+36]
RtlAreBitsSet [0x77E44328+136]
RtlAreBitsSet [0x77E442F8+88]

at sun.reflect.NativeConstructorAccessorImpl.newInstance0(Native Method)
at sun.reflect.NativeConstructorAccessorImpl.newInstance(Unknown Source)
at sun.reflect.DelegatingConstructorAccessorImpl.newInstance(Unknown Source)
at java.lang.reflect.Constructor.newInstance(Unknown Source)
at org.openqa.selenium.remote.W3CHandshakeResponse.lambda$errorHandler$0(W3CHandshakeResponse.java:62)
at org.openqa.selenium.remote.HandshakeResponse.lambda$getResponseFunction$0(HandshakeResponse.java:30)
at org.openqa.selenium.remote.ProtocolHandshake.lambda$createSession$0(ProtocolHandshake.java:126)
at java.util.stream.ReferencePipeline$3$1.accept(Unknown Source)
at java.util.Spliterators$ArraySpliterator.tryAdvance(Unknown Source)
at java.util.stream.ReferencePipeline.forEachWithCancel(Unknown Source)
at java.util.stream.AbstractPipeline.copyIntoWithCancel(Unknown Source)
at java.util.stream.AbstractPipeline.copyInto(Unknown Source)
at java.util.stream.AbstractPipeline.wrapAndCopyInto(Unknown Source)
at java.util.stream.FindOps$FindOp.evaluateSequential(Unknown Source)
at java.util.stream.AbstractPipeline.evaluate(Unknown Source)
at java.util.stream.ReferencePipeline.findFirst(Unknown Source)
at org.openqa.selenium.remote.ProtocolHandshake.createSession(ProtocolHandshake.java:128)
at org.openqa.selenium.remote.ProtocolHandshake.createSession(ProtocolHandshake.java:74)
at org.openqa.selenium.remote.HttpCommandExecutor.execute(HttpCommandExecutor.java:136)
at org.openqa.selenium.remote.service.DriverCommandExecutor.execute(DriverCommandExecutor.java:83)
at org.openqa.selenium.remote.RemoteWebDriver.execute(RemoteWebDriver.java:552)
at org.openqa.selenium.remote.RemoteWebDriver.startSession(RemoteWebDriver.java:213)
at org.openqa.selenium.remote.RemoteWebDriver.<init>(RemoteWebDriver.java:131)
at org.openqa.selenium.chrome.ChromeDriver.<init>(ChromeDriver.java:181)
at org.openqa.selenium.chrome.ChromeDriver.<init>(ChromeDriver.java:168)
at org.openqa.selenium.chrome.ChromeDriver.<init>(ChromeDriver.java:157)
at resources.Base.initilizeDriver(Base.java:47)
at PracticeProject.AllFunctions.PracticePageValidation.initialize(PracticePageValidation.java:20)
at sun.reflect.NativeMethodAccessorImpl.invoke0(Native Method)
at sun.reflect.NativeMethodAccessorImpl.invoke(Unknown Source)
at sun.reflect.DelegatingMethodAccessorImpl.invoke(Unknown Source)
at java.lang.reflect.Method.invoke(Unknown Source)
at org.testng.internal.MethodInvocationHelper.invokeMethod(MethodInvocationHelper.java:132)
at org.testng.internal.MethodInvocationHelper.invokeMethodConsideringTimeout(MethodInvocationHelper.java:61)
at org.testng.internal.ConfigInvoker.invokeConfigurationMethod(ConfigInvoker.java:366)
at org.testng.internal.ConfigInvoker.invokeConfigurations(ConfigInvoker.java:320)
at org.testng.TestRunner.invokeTestConfigurations(TestRunner.java:617)
at org.testng.TestRunner.beforeRun(TestRunner.java:607)
at org.testng.TestRunner.run(TestRunner.java:578)
at org.testng.SuiteRunner.runTest(SuiteRunner.java:384)
at org.testng.SuiteRunner.runSequentially(SuiteRunner.java:378)
at org.testng.SuiteRunner.privateRun(SuiteRunner.java:337)
at org.testng.SuiteRunner.run(SuiteRunner.java:286)
at org.testng.SuiteRunnerWorker.runSuite(SuiteRunnerWorker.java:53)
at org.testng.SuiteRunnerWorker.run(SuiteRunnerWorker.java:96)
at org.testng.TestNG.runSuitesSequentially(TestNG.java:1218)
at org.testng.TestNG.runSuitesLocally(TestNG.java:1140)
at org.testng.TestNG.runSuites(TestNG.java:1069)
at org.testng.TestNG.run(TestNG.java:1037)
at org.testng.remote.AbstractRemoteTestNG.run(AbstractRemoteTestNG.java:115)
at org.testng.remote.RemoteTestNG.initAndRun(RemoteTestNG.java:251)
at org.testng.remote.RemoteTestNG.main(RemoteTestNG.java:77)
]]>
    </error>
  </testcase> <!-- initialize -->
  <system-out/>
</testsuite> <!-- PracticeProject.AllFunctions.PracticePageValidation -->
